[2024-05-22 12:13:59] error: uncaughtException: тип Unable to compile TypeScript:
[96msrc/controllers/task.controller.ts[0m:[93m34[0m:[93m24[0m - [91merror[0m[90m TS2304: [0mCannot find name 'findUnique'.

[7m34[0m     const task = await findUnique(id)
[7m  [0m [91m                       ~~~~~~~~~~[0m

TSError: тип Unable to compile TypeScript:
[96msrc/controllers/task.controller.ts[0m:[93m34[0m:[93m24[0m - [91merror[0m[90m TS2304: [0mCannot find name 'findUnique'.

[7m34[0m     const task = await findUnique(id)
[7m  [0m [91m                       ~~~~~~~~~~[0m

    at createTSError (/home/ananda/Documents/project/task-management/node_modules/.pnpm/ts-node@10.9.2_@types+node@20.12.11_typescript@5.4.5/node_modules/ts-node/src/index.ts:859:12)
    at reportTSError (/home/ananda/Documents/project/task-management/node_modules/.pnpm/ts-node@10.9.2_@types+node@20.12.11_typescript@5.4.5/node_modules/ts-node/src/index.ts:863:19)
    at getOutput (/home/ananda/Documents/project/task-management/node_modules/.pnpm/ts-node@10.9.2_@types+node@20.12.11_typescript@5.4.5/node_modules/ts-node/src/index.ts:1077:36)
    at Object.compile (/home/ananda/Documents/project/task-management/node_modules/.pnpm/ts-node@10.9.2_@types+node@20.12.11_typescript@5.4.5/node_modules/ts-node/src/index.ts:1433:41)
    at Module.m._compile (/home/ananda/Documents/project/task-management/node_modules/.pnpm/ts-node@10.9.2_@types+node@20.12.11_typescript@5.4.5/node_modules/ts-node/src/index.ts:1617:30)
    at Module._extensions..js (node:internal/modules/cjs/loader:1295:10)
    at Object.require.extensions.<computed> [as .ts] (/home/ananda/Documents/project/task-management/node_modules/.pnpm/ts-node@10.9.2_@types+node@20.12.11_typescript@5.4.5/node_modules/ts-node/src/index.ts:1621:12)
    at Module.load (node:internal/modules/cjs/loader:1091:32)
    at Function.Module._load (node:internal/modules/cjs/loader:938:12)
    at Module.require (node:internal/modules/cjs/loader:1115:19)
